-------------------------------------------------------------------------------
Test set: OperacionesJUnit
-------------------------------------------------------------------------------
Tests run: 1, Failures: 1, Errors: 0, Skipped: 0, Time elapsed: 0 sec <<< FAILURE! - in OperacionesJUnit
warning(junit.framework.TestSuite$1)  Time elapsed: 0 sec  <<< FAILURE!
junit.framework.AssertionFailedError: No tests found in OperacionesJUnit
	at junit.framework.TestSuite$1.runTest(TestSuite.java:97)

